# JRE version: Java(TM) SE Runtime Environment (17.0.3.1+2) (build 17.0.3.1+2-LTS-6)
# Java VM: Java HotSpot(TM) 64-Bit Server VM (17.0.3.1+2-LTS-6, mixed mode, sharing, tiered, compressed oops, compressed class ptrs, g1 gc, windows-amd64)
GC Precious Log:
 CPUs: 12 total, 12 available
 Memory: 16237M
 Large Page Support: Disabled
 NUMA Support: Disabled
 Compressed Oops: Enabled (Zero based)
 Heap Region Size: 2M
 Heap Min Capacity: 8M
 Heap Initial Capacity: 254M
 Heap Max Capacity: 4060M
 Pre-touch: Disabled
 Parallel Workers: 10
 Concurrent Workers: 3
 Concurrent Refinement Workers: 10
 Periodic GC: Disabled
Heap:
 garbage-first heap   total 219136K, used 112280K [0x0000000702400000, 0x0000000800000000)
  region size 2048K, 36 young (73728K), 8 survivors (16384K)
 Metaspace       used 37498K, committed 37952K, reserved 1089536K
  class space    used 4137K, committed 4352K, reserved 1048576K
GC Heap History (20 events):
Event: 2.750 GC heap before
{Heap before GC invocations=6 (full 0):
 garbage-first heap   total 61440K, used 22993K [0x0000000702400000, 0x0000000800000000)
  region size 2048K, 4 young (8192K), 3 survivors (6144K)
 Metaspace       used 25827K, committed 26112K, reserved 1073152K
  class space    used 2985K, committed 3136K, reserved 1048576K
}
Event: 2.756 GC heap after
{Heap after GC invocations=7 (full 0):
 garbage-first heap   total 61440K, used 23415K [0x0000000702400000, 0x0000000800000000)
  region size 2048K, 1 young (2048K), 1 survivors (2048K)
 Metaspace       used 25827K, committed 26112K, reserved 1073152K
  class space    used 2985K, committed 3136K, reserved 1048576K
}
Event: 2.893 GC heap before
{Heap before GC invocations=7 (full 0):
 garbage-first heap   total 61440K, used 43895K [0x0000000702400000, 0x0000000800000000)
  region size 2048K, 10 young (20480K), 1 survivors (2048K)
 Metaspace       used 25893K, committed 26240K, reserved 1073152K
  class space    used 2987K, committed 3136K, reserved 1048576K
}
Event: 2.898 GC heap after
{Heap after GC invocations=8 (full 0):
 garbage-first heap   total 61440K, used 30188K [0x0000000702400000, 0x0000000800000000)
  region size 2048K, 2 young (4096K), 2 survivors (4096K)
 Metaspace       used 25893K, committed 26240K, reserved 1073152K
  class space    used 2987K, committed 3136K, reserved 1048576K
}
Event: 3.000 GC heap before
{Heap before GC invocations=8 (full 0):
 garbage-first heap   total 61440K, used 44524K [0x0000000702400000, 0x0000000800000000)
  region size 2048K, 9 young (18432K), 2 survivors (4096K)
 Metaspace       used 26315K, committed 26624K, reserved 1073152K
  class space    used 3033K, committed 3200K, reserved 1048576K
}
Event: 3.007 GC heap after
{Heap after GC invocations=9 (full 0):
 garbage-first heap   total 161792K, used 33522K [0x0000000702400000, 0x0000000800000000)
  region size 2048K, 2 young (4096K), 2 survivors (4096K)
 Metaspace       used 26315K, committed 26624K, reserved 1073152K
  class space    used 3033K, committed 3200K, reserved 1048576K
}
Event: 3.602 GC heap before
{Heap before GC invocations=9 (full 0):
 garbage-first heap   total 161792K, used 107250K [0x0000000702400000, 0x0000000800000000)
  region size 2048K, 37 young (75776K), 2 survivors (4096K)
 Metaspace       used 28802K, committed 29056K, reserved 1081344K
  class space    used 3263K, committed 3392K, reserved 1048576K
}
Event: 3.614 GC heap after
{Heap after GC invocations=10 (full 0):
 garbage-first heap   total 161792K, used 43008K [0x0000000702400000, 0x0000000800000000)
  region size 2048K, 5 young (10240K), 5 survivors (10240K)
 Metaspace       used 28802K, committed 29056K, reserved 1081344K
  class space    used 3263K, committed 3392K, reserved 1048576K
}
Event: 3.794 GC heap before
{Heap before GC invocations=10 (full 0):
 garbage-first heap   total 161792K, used 112640K [0x0000000702400000, 0x0000000800000000)
  region size 2048K, 39 young (79872K), 5 survivors (10240K)
 Metaspace       used 28901K, committed 29248K, reserved 1081344K
  class space    used 3263K, committed 3392K, reserved 1048576K
}
Event: 3.803 GC heap after
{Heap after GC invocations=11 (full 0):
 garbage-first heap   total 161792K, used 44617K [0x0000000702400000, 0x0000000800000000)
  region size 2048K, 1 young (2048K), 1 survivors (2048K)
 Metaspace       used 28901K, committed 29248K, reserved 1081344K
  class space    used 3263K, committed 3392K, reserved 1048576K
}
Event: 4.000 GC heap before
{Heap before GC invocations=11 (full 0):
 garbage-first heap   total 161792K, used 116297K [0x0000000702400000, 0x0000000800000000)
  region size 2048K, 36 young (73728K), 1 survivors (2048K)
 Metaspace       used 29221K, committed 29568K, reserved 1081344K
  class space    used 3310K, committed 3456K, reserved 1048576K
}
Event: 4.001 GC heap after
{Heap after GC invocations=12 (full 0):
 garbage-first heap   total 161792K, used 43591K [0x0000000702400000, 0x0000000800000000)
  region size 2048K, 1 young (2048K), 1 survivors (2048K)
 Metaspace       used 29221K, committed 29568K, reserved 1081344K
  class space    used 3310K, committed 3456K, reserved 1048576K
}
Event: 4.181 GC heap before
{Heap before GC invocations=12 (full 0):
 garbage-first heap   total 161792K, used 119367K [0x0000000702400000, 0x0000000800000000)
  region size 2048K, 38 young (77824K), 1 survivors (2048K)
 Metaspace       used 29406K, committed 29696K, reserved 1081344K
  class space    used 3313K, committed 3456K, reserved 1048576K
}
Event: 4.184 GC heap after
{Heap after GC invocations=13 (full 0):
 garbage-first heap   total 161792K, used 44354K [0x0000000702400000, 0x0000000800000000)
  region size 2048K, 1 young (2048K), 1 survivors (2048K)
 Metaspace       used 29406K, committed 29696K, reserved 1081344K
  class space    used 3313K, committed 3456K, reserved 1048576K
}
Event: 4.658 GC heap before
{Heap before GC invocations=13 (full 0):
 garbage-first heap   total 161792K, used 124226K [0x0000000702400000, 0x0000000800000000)
  region size 2048K, 40 young (81920K), 1 survivors (2048K)
 Metaspace       used 31330K, committed 31616K, reserved 1081344K
  class space    used 3540K, committed 3648K, reserved 1048576K
}
Event: 4.663 GC heap after
{Heap after GC invocations=14 (full 0):
 garbage-first heap   total 219136K, used 46316K [0x0000000702400000, 0x0000000800000000)
  region size 2048K, 2 young (4096K), 2 survivors (4096K)
 Metaspace       used 31330K, committed 31616K, reserved 1081344K
  class space    used 3540K, committed 3648K, reserved 1048576K
}
Event: 5.745 GC heap before
{Heap before GC invocations=14 (full 0):
 garbage-first heap   total 219136K, used 169196K [0x0000000702400000, 0x0000000800000000)
  region size 2048K, 62 young (126976K), 2 survivors (4096K)
 Metaspace       used 32437K, committed 32832K, reserved 1081344K
  class space    used 3575K, committed 3776K, reserved 1048576K
}
Event: 5.753 GC heap after
{Heap after GC invocations=15 (full 0):
 garbage-first heap   total 219136K, used 50004K [0x0000000702400000, 0x0000000800000000)
  region size 2048K, 4 young (8192K), 4 survivors (8192K)
 Metaspace       used 32437K, committed 32832K, reserved 1081344K
  class space    used 3575K, committed 3776K, reserved 1048576K
}
Event: 6.488 GC heap before
{Heap before GC invocations=15 (full 0):
 garbage-first heap   total 219136K, used 144212K [0x0000000702400000, 0x0000000800000000)
  region size 2048K, 52 young (106496K), 4 survivors (8192K)
 Metaspace       used 35789K, committed 36160K, reserved 1081344K
  class space    used 3983K, committed 4160K, reserved 1048576K
}
Event: 6.498 GC heap after
{Heap after GC invocations=16 (full 0):
 garbage-first heap   total 219136K, used 59032K [0x0000000702400000, 0x0000000800000000)
  region size 2048K, 8 young (16384K), 8 survivors (16384K)
 Metaspace       used 35789K, committed 36160K, reserved 1081344K
  class space    used 3983K, committed 4160K, reserved 1048576K
}

