# JRE version: Java(TM) SE Runtime Environment (17.0.3.1+2) (build 17.0.3.1+2-LTS-6)
# Java VM: Java HotSpot(TM) 64-Bit Server VM (17.0.3.1+2-LTS-6, mixed mode, sharing, tiered, compressed oops, compressed class ptrs, g1 gc, windows-amd64)
GC Precious Log:
 CPUs: 12 total, 12 available
 Memory: 16237M
 Large Page Support: Disabled
 NUMA Support: Disabled
 Compressed Oops: Enabled (Zero based)
 Heap Region Size: 2M
 Heap Min Capacity: 8M
 Heap Initial Capacity: 254M
 Heap Max Capacity: 4060M
 Pre-touch: Disabled
 Parallel Workers: 10
 Concurrent Workers: 3
 Concurrent Refinement Workers: 10
 Periodic GC: Disabled
Heap:
 garbage-first heap   total 229376K, used 44874K [0x0000000702400000, 0x0000000800000000)
  region size 2048K, 2 young (4096K), 2 survivors (4096K)
 Metaspace       used 30935K, committed 31232K, reserved 1081344K
  class space    used 3514K, committed 3648K, reserved 1048576K
GC Heap History (20 events):
Event: 0.308 GC heap after
{Heap after GC invocations=1 (full 0):
 garbage-first heap   total 260096K, used 3992K [0x0000000702400000, 0x0000000800000000)
  region size 2048K, 2 young (4096K), 2 survivors (4096K)
 Metaspace       used 5446K, committed 5632K, reserved 1056768K
  class space    used 659K, committed 768K, reserved 1048576K
}
Event: 0.553 GC heap before
{Heap before GC invocations=1 (full 0):
 garbage-first heap   total 260096K, used 32664K [0x0000000702400000, 0x0000000800000000)
  region size 2048K, 16 young (32768K), 2 survivors (4096K)
 Metaspace       used 9074K, committed 9216K, reserved 1064960K
  class space    used 1106K, committed 1152K, reserved 1048576K
}
Event: 0.556 GC heap after
{Heap after GC invocations=2 (full 0):
 garbage-first heap   total 260096K, used 5393K [0x0000000702400000, 0x0000000800000000)
  region size 2048K, 1 young (2048K), 1 survivors (2048K)
 Metaspace       used 9074K, committed 9216K, reserved 1064960K
  class space    used 1106K, committed 1152K, reserved 1048576K
}
Event: 1.827 GC heap before
{Heap before GC invocations=2 (full 0):
 garbage-first heap   total 260096K, used 158993K [0x0000000702400000, 0x0000000800000000)
  region size 2048K, 76 young (155648K), 1 survivors (2048K)
 Metaspace       used 17278K, committed 17600K, reserved 1064960K
  class space    used 2028K, committed 2176K, reserved 1048576K
}
Event: 1.833 GC heap after
{Heap after GC invocations=3 (full 0):
 garbage-first heap   total 260096K, used 11845K [0x0000000702400000, 0x0000000800000000)
  region size 2048K, 4 young (8192K), 4 survivors (8192K)
 Metaspace       used 17278K, committed 17600K, reserved 1064960K
  class space    used 2028K, committed 2176K, reserved 1048576K
}
Event: 2.177 GC heap before
{Heap before GC invocations=3 (full 0):
 garbage-first heap   total 260096K, used 50757K [0x0000000702400000, 0x0000000800000000)
  region size 2048K, 23 young (47104K), 4 survivors (8192K)
 Metaspace       used 21238K, committed 21504K, reserved 1073152K
  class space    used 2508K, committed 2624K, reserved 1048576K
}
Event: 2.181 GC heap after
{Heap after GC invocations=4 (full 0):
 garbage-first heap   total 260096K, used 13933K [0x0000000702400000, 0x0000000800000000)
  region size 2048K, 5 young (10240K), 5 survivors (10240K)
 Metaspace       used 21238K, committed 21504K, reserved 1073152K
  class space    used 2508K, committed 2624K, reserved 1048576K
}
Event: 2.518 GC heap before
{Heap before GC invocations=5 (full 0):
 garbage-first heap   total 55296K, used 40557K [0x0000000702400000, 0x0000000800000000)
  region size 2048K, 19 young (38912K), 5 survivors (10240K)
 Metaspace       used 25428K, committed 25792K, reserved 1073152K
  class space    used 2942K, committed 3136K, reserved 1048576K
}
Event: 2.530 GC heap after
{Heap after GC invocations=6 (full 0):
 garbage-first heap   total 61440K, used 20974K [0x0000000702400000, 0x0000000800000000)
  region size 2048K, 3 young (6144K), 3 survivors (6144K)
 Metaspace       used 25428K, committed 25792K, reserved 1073152K
  class space    used 2942K, committed 3136K, reserved 1048576K
}
Event: 2.569 GC heap before
{Heap before GC invocations=6 (full 0):
 garbage-first heap   total 61440K, used 23022K [0x0000000702400000, 0x0000000800000000)
  region size 2048K, 4 young (8192K), 3 survivors (6144K)
 Metaspace       used 25829K, committed 26112K, reserved 1073152K
  class space    used 2985K, committed 3136K, reserved 1048576K
}
Event: 2.577 GC heap after
{Heap after GC invocations=7 (full 0):
 garbage-first heap   total 161792K, used 23308K [0x0000000702400000, 0x0000000800000000)
  region size 2048K, 1 young (2048K), 1 survivors (2048K)
 Metaspace       used 25829K, committed 26112K, reserved 1073152K
  class space    used 2985K, committed 3136K, reserved 1048576K
}
Event: 3.223 GC heap before
{Heap before GC invocations=7 (full 0):
 garbage-first heap   total 161792K, used 113420K [0x0000000702400000, 0x0000000800000000)
  region size 2048K, 43 young (88064K), 1 survivors (2048K)
 Metaspace       used 27784K, committed 28032K, reserved 1081344K
  class space    used 3154K, committed 3264K, reserved 1048576K
}
Event: 3.241 GC heap after
{Heap after GC invocations=8 (full 0):
 garbage-first heap   total 161792K, used 41953K [0x0000000702400000, 0x0000000800000000)
  region size 2048K, 6 young (12288K), 6 survivors (12288K)
 Metaspace       used 27784K, committed 28032K, reserved 1081344K
  class space    used 3154K, committed 3264K, reserved 1048576K
}
Event: 3.547 GC heap before
{Heap before GC invocations=8 (full 0):
 garbage-first heap   total 161792K, used 113633K [0x0000000702400000, 0x0000000800000000)
  region size 2048K, 41 young (83968K), 6 survivors (12288K)
 Metaspace       used 28902K, committed 29248K, reserved 1081344K
  class space    used 3263K, committed 3392K, reserved 1048576K
}
Event: 3.558 GC heap after
{Heap after GC invocations=9 (full 0):
 garbage-first heap   total 161792K, used 44148K [0x0000000702400000, 0x0000000800000000)
  region size 2048K, 1 young (2048K), 1 survivors (2048K)
 Metaspace       used 28902K, committed 29248K, reserved 1081344K
  class space    used 3263K, committed 3392K, reserved 1048576K
}
Event: 3.762 GC heap before
{Heap before GC invocations=9 (full 0):
 garbage-first heap   total 161792K, used 117876K [0x0000000702400000, 0x0000000800000000)
  region size 2048K, 37 young (75776K), 1 survivors (2048K)
 Metaspace       used 29228K, committed 29504K, reserved 1081344K
  class space    used 3309K, committed 3456K, reserved 1048576K
}
Event: 3.764 GC heap after
{Heap after GC invocations=10 (full 0):
 garbage-first heap   total 161792K, used 43405K [0x0000000702400000, 0x0000000800000000)
  region size 2048K, 1 young (2048K), 1 survivors (2048K)
 Metaspace       used 29228K, committed 29504K, reserved 1081344K
  class space    used 3309K, committed 3456K, reserved 1048576K
}
Event: 3.969 GC heap before
{Heap before GC invocations=10 (full 0):
 garbage-first heap   total 161792K, used 121229K [0x0000000702400000, 0x0000000800000000)
  region size 2048K, 39 young (79872K), 1 survivors (2048K)
 Metaspace       used 29415K, committed 29696K, reserved 1081344K
  class space    used 3312K, committed 3456K, reserved 1048576K
}
Event: 3.974 GC heap after
{Heap after GC invocations=11 (full 0):
 garbage-first heap   total 161792K, used 44120K [0x0000000702400000, 0x0000000800000000)
  region size 2048K, 1 young (2048K), 1 survivors (2048K)
 Metaspace       used 29415K, committed 29696K, reserved 1081344K
  class space    used 3312K, committed 3456K, reserved 1048576K
}
Event: 4.365 GC heap before
{Heap before GC invocations=11 (full 0):
 garbage-first heap   total 161792K, used 126040K [0x0000000702400000, 0x0000000800000000)
  region size 2048K, 41 young (83968K), 1 survivors (2048K)
 Metaspace       used 30935K, committed 31232K, reserved 1081344K
  class space    used 3514K, committed 3648K, reserved 1048576K
}

