# JRE version: Java(TM) SE Runtime Environment (17.0.3.1+2) (build 17.0.3.1+2-LTS-6)
# Java VM: Java HotSpot(TM) 64-Bit Server VM (17.0.3.1+2-LTS-6, mixed mode, sharing, tiered, compressed oops, compressed class ptrs, g1 gc, windows-amd64)
GC Precious Log:
 CPUs: 12 total, 12 available
 Memory: 16237M
 Large Page Support: Disabled
 NUMA Support: Disabled
 Compressed Oops: Enabled (Zero based)
 Heap Region Size: 2M
 Heap Min Capacity: 8M
 Heap Initial Capacity: 254M
 Heap Max Capacity: 4060M
 Pre-touch: Disabled
 Parallel Workers: 10
 Concurrent Workers: 3
 Concurrent Refinement Workers: 10
 Periodic GC: Disabled
Heap:
 garbage-first heap   total 200704K, used 137191K [0x0000000702400000, 0x0000000800000000)
  region size 2048K, 42 young (86016K), 2 survivors (4096K)
 Metaspace       used 37677K, committed 38080K, reserved 1089536K
  class space    used 4141K, committed 4352K, reserved 1048576K
GC Heap History (20 events):
Event: 3.716 GC heap before
{Heap before GC invocations=12 (full 0):
 garbage-first heap   total 137216K, used 92130K [0x0000000702400000, 0x0000000800000000)
  region size 2048K, 28 young (57344K), 4 survivors (8192K)
 Metaspace       used 28889K, committed 29184K, reserved 1081344K
  class space    used 3266K, committed 3392K, reserved 1048576K
}
Event: 3.722 GC heap after
{Heap after GC invocations=13 (full 0):
 garbage-first heap   total 137216K, used 44009K [0x0000000702400000, 0x0000000800000000)
  region size 2048K, 1 young (2048K), 1 survivors (2048K)
 Metaspace       used 28889K, committed 29184K, reserved 1081344K
  class space    used 3266K, committed 3392K, reserved 1048576K
}
Event: 3.906 GC heap before
{Heap before GC invocations=13 (full 0):
 garbage-first heap   total 137216K, used 93161K [0x0000000702400000, 0x0000000800000000)
  region size 2048K, 26 young (53248K), 1 survivors (2048K)
 Metaspace       used 29166K, committed 29504K, reserved 1081344K
  class space    used 3310K, committed 3456K, reserved 1048576K
}
Event: 3.907 GC heap after
{Heap after GC invocations=14 (full 0):
 garbage-first heap   total 137216K, used 43480K [0x0000000702400000, 0x0000000800000000)
  region size 2048K, 1 young (2048K), 1 survivors (2048K)
 Metaspace       used 29166K, committed 29504K, reserved 1081344K
  class space    used 3310K, committed 3456K, reserved 1048576K
}
Event: 3.997 GC heap before
{Heap before GC invocations=14 (full 0):
 garbage-first heap   total 137216K, used 98776K [0x0000000702400000, 0x0000000800000000)
  region size 2048K, 28 young (57344K), 1 survivors (2048K)
 Metaspace       used 29217K, committed 29504K, reserved 1081344K
  class space    used 3314K, committed 3456K, reserved 1048576K
}
Event: 3.998 GC heap after
{Heap after GC invocations=15 (full 0):
 garbage-first heap   total 137216K, used 43318K [0x0000000702400000, 0x0000000800000000)
  region size 2048K, 1 young (2048K), 1 survivors (2048K)
 Metaspace       used 29217K, committed 29504K, reserved 1081344K
  class space    used 3314K, committed 3456K, reserved 1048576K
}
Event: 4.145 GC heap before
{Heap before GC invocations=15 (full 0):
 garbage-first heap   total 137216K, used 102710K [0x0000000702400000, 0x0000000800000000)
  region size 2048K, 30 young (61440K), 1 survivors (2048K)
 Metaspace       used 29399K, committed 29696K, reserved 1081344K
  class space    used 3318K, committed 3456K, reserved 1048576K
}
Event: 4.148 GC heap after
{Heap after GC invocations=16 (full 0):
 garbage-first heap   total 137216K, used 44114K [0x0000000702400000, 0x0000000800000000)
  region size 2048K, 1 young (2048K), 1 survivors (2048K)
 Metaspace       used 29399K, committed 29696K, reserved 1081344K
  class space    used 3318K, committed 3456K, reserved 1048576K
}
Event: 4.294 GC heap before
{Heap before GC invocations=16 (full 0):
 garbage-first heap   total 137216K, used 105554K [0x0000000702400000, 0x0000000800000000)
  region size 2048K, 31 young (63488K), 1 survivors (2048K)
 Metaspace       used 30217K, committed 30592K, reserved 1081344K
  class space    used 3425K, committed 3584K, reserved 1048576K
}
Event: 4.297 GC heap after
{Heap after GC invocations=17 (full 0):
 garbage-first heap   total 137216K, used 44304K [0x0000000702400000, 0x0000000800000000)
  region size 2048K, 1 young (2048K), 1 survivors (2048K)
 Metaspace       used 30217K, committed 30592K, reserved 1081344K
  class space    used 3425K, committed 3584K, reserved 1048576K
}
Event: 4.944 GC heap before
{Heap before GC invocations=17 (full 0):
 garbage-first heap   total 137216K, used 107792K [0x0000000702400000, 0x0000000800000000)
  region size 2048K, 32 young (65536K), 1 survivors (2048K)
 Metaspace       used 32069K, committed 32384K, reserved 1081344K
  class space    used 3567K, committed 3712K, reserved 1048576K
}
Event: 4.951 GC heap after
{Heap after GC invocations=18 (full 0):
 garbage-first heap   total 165888K, used 47506K [0x0000000702400000, 0x0000000800000000)
  region size 2048K, 3 young (6144K), 3 survivors (6144K)
 Metaspace       used 32069K, committed 32384K, reserved 1081344K
  class space    used 3567K, committed 3712K, reserved 1048576K
}
Event: 5.486 GC heap before
{Heap before GC invocations=18 (full 0):
 garbage-first heap   total 165888K, used 127378K [0x0000000702400000, 0x0000000800000000)
  region size 2048K, 42 young (86016K), 3 survivors (6144K)
 Metaspace       used 32444K, committed 32832K, reserved 1081344K
  class space    used 3579K, committed 3776K, reserved 1048576K
}
Event: 5.493 GC heap after
{Heap after GC invocations=19 (full 0):
 garbage-first heap   total 165888K, used 49944K [0x0000000702400000, 0x0000000800000000)
  region size 2048K, 4 young (8192K), 4 survivors (8192K)
 Metaspace       used 32444K, committed 32832K, reserved 1081344K
  class space    used 3579K, committed 3776K, reserved 1048576K
}
Event: 6.060 GC heap before
{Heap before GC invocations=19 (full 0):
 garbage-first heap   total 165888K, used 129816K [0x0000000702400000, 0x0000000800000000)
  region size 2048K, 43 young (88064K), 4 survivors (8192K)
 Metaspace       used 34615K, committed 35008K, reserved 1081344K
  class space    used 3846K, committed 4032K, reserved 1048576K
}
Event: 6.073 GC heap after
{Heap after GC invocations=20 (full 0):
 garbage-first heap   total 165888K, used 53958K [0x0000000702400000, 0x0000000800000000)
  region size 2048K, 5 young (10240K), 5 survivors (10240K)
 Metaspace       used 34615K, committed 35008K, reserved 1081344K
  class space    used 3846K, committed 4032K, reserved 1048576K
}
Event: 6.528 GC heap before
{Heap before GC invocations=20 (full 0):
 garbage-first heap   total 165888K, used 127686K [0x0000000702400000, 0x0000000800000000)
  region size 2048K, 42 young (86016K), 5 survivors (10240K)
 Metaspace       used 37516K, committed 37952K, reserved 1089536K
  class space    used 4140K, committed 4352K, reserved 1048576K
}
Event: 6.537 GC heap after
{Heap after GC invocations=21 (full 0):
 garbage-first heap   total 165888K, used 56210K [0x0000000702400000, 0x0000000800000000)
  region size 2048K, 5 young (10240K), 5 survivors (10240K)
 Metaspace       used 37516K, committed 37952K, reserved 1089536K
  class space    used 4140K, committed 4352K, reserved 1048576K
}
Event: 6.708 GC heap before
{Heap before GC invocations=21 (full 0):
 garbage-first heap   total 165888K, used 131986K [0x0000000702400000, 0x0000000800000000)
  region size 2048K, 42 young (86016K), 5 survivors (10240K)
 Metaspace       used 37659K, committed 38080K, reserved 1089536K
  class space    used 4141K, committed 4352K, reserved 1048576K
}
Event: 6.715 GC heap after
{Heap after GC invocations=22 (full 0):
 garbage-first heap   total 200704K, used 57319K [0x0000000702400000, 0x0000000800000000)
  region size 2048K, 2 young (4096K), 2 survivors (4096K)
 Metaspace       used 37659K, committed 38080K, reserved 1089536K
  class space    used 4141K, committed 4352K, reserved 1048576K
}

